<?xml version="1.0" encoding="UTF-8"?>
<!-- Generated by org.testng.reporters.JUnitReportReporter -->
<testsuite skipped="0" hostname="kukks-ThinkPad-T420" name="testngLearning.TestCase1" tests="2" failures="0" timestamp="21 Jun 2017 17:15:07 GMT" time="0.017" errors="0">
  <testcase name="doUserReg" time="0.004" classname="testngLearning.TestCase1"/>
  <testcase name="doLogin" time="0.013" classname="testngLearning.TestCase1"/>
</testsuite> <!-- testngLearning.TestCase1 -->
