<?xml version="1.0" encoding="UTF-8"?>
<!-- Generated by org.testng.reporters.JUnitReportReporter -->
<testsuite skipped="0" hostname="kukks-ThinkPad-T420" name="testcases.TestCase1" tests="2" failures="0" timestamp="08 Jun 2017 11:26:05 GMT" time="0.011" errors="0">
  <testcase name="doUserReg" time="0.009" classname="testcases.TestCase1"/>
  <testcase name="doLogin" time="0.002" classname="testcases.TestCase1"/>
</testsuite> <!-- testcases.TestCase1 -->
